#-----------------------------------------------------------
# Vivado v2018.3 (64-bit)
# SW Build 2405991 on Thu Dec  6 23:38:27 MST 2018
# IP Build 2404404 on Fri Dec  7 01:43:56 MST 2018
# Start of session at: Sun Oct  4 17:28:24 2020
# Process ID: 9392
# Current directory: C:/Users/Sciencethebird/Desktop/DLab/Lab01/Lab_01
# Command line: vivado.exe -gui_launcher_event rodinguilauncherevent8812 C:\Users\Sciencethebird\Desktop\DLab\Lab01\Lab_01\Lab_01.xpr
# Log file: C:/Users/Sciencethebird/Desktop/DLab/Lab01/Lab_01/vivado.log
# Journal file: C:/Users/Sciencethebird/Desktop/DLab/Lab01/Lab_01\vivado.jou
#-----------------------------------------------------------
start_gui
open_project C:/Users/Sciencethebird/Desktop/DLab/Lab01/Lab_01/Lab_01.xpr
INFO: [Project 1-313] Project file moved from 'C:/Users/sciencethebird/Desktop/DLab/Lab_01' since last save.
ERROR: [Project 1-208] No val for DA Elab Attr
Scanning sources...
Finished scanning sources
CRITICAL WARNING: [Project 1-192] Failed to load run synth_1. Strategy Vivado Synthesis Defaults (Vivado Synthesis 2020) not recognized by Vivado. 

CRITICAL WARNING: [Project 1-192] Failed to load run impl_1. Strategy Vivado Implementation Defaults (Vivado Implementation 2020) not recognized by Vivado. 

CRITICAL WARNING: [Project 1-532] XML ERROR: Project Option SimulatorInstallDirModelSim has no valid value
CRITICAL WARNING: [Project 1-532] XML ERROR: Project Option SimulatorInstallDirQuesta has no valid value
CRITICAL WARNING: [Project 1-532] XML ERROR: Project Option SimulatorInstallDirIES has no valid value
CRITICAL WARNING: [Project 1-532] XML ERROR: Project Option SimulatorInstallDirXcelium has no valid value
CRITICAL WARNING: [Project 1-532] XML ERROR: Project Option SimulatorInstallDirVCS has no valid value
CRITICAL WARNING: [Project 1-532] XML ERROR: Project Option SimulatorInstallDirRiviera has no valid value
CRITICAL WARNING: [Project 1-532] XML ERROR: Project Option SimulatorInstallDirActiveHdl has no valid value
CRITICAL WARNING: [Project 1-505] Unrecognized Option Name IPDefaultOutputPath
CRITICAL WARNING: [Project 1-505] Unrecognized Option Name DcpsUptoDate
WARNING: [Project 1-231] Project 'Lab_01.xpr' was created with a future version and may or may not perform reliably with this version of Vivado. It has been opened in read-only mode for the protection of unrecognized data. Use 'File | Save Project As...' if you wish to alter a copy of the project.
INFO: [IP_Flow 19-234] Refreshing IP repositories
INFO: [IP_Flow 19-1704] No user IP repositories specified
INFO: [IP_Flow 19-2313] Loaded Vivado IP repository 'F:/Vivado/2018.3/data/ip'.
ERROR: [Common 17-39] 'open_project' failed due to earlier errors.
update_compile_order -fileset sources_1
exit
INFO: [Common 17-206] Exiting Vivado at Sun Oct  4 21:11:19 2020...
