#-----------------------------------------------------------
# Vivado v2020.1 (64-bit)
# SW Build 2902540 on Wed May 27 19:54:49 MDT 2020
# IP Build 2902112 on Wed May 27 22:43:36 MDT 2020
# Start of session at: Fri Jan  8 20:49:08 2021
# Process ID: 13164
# Current directory: C:/Users/Sciencethebird/Desktop/DLab_Final_Project_2
# Command line: vivado.exe -gui_launcher_event rodinguilauncherevent6544 C:\Users\Sciencethebird\Desktop\DLab_Final_Project_2\DLab_Final_Project.xpr
# Log file: C:/Users/Sciencethebird/Desktop/DLab_Final_Project_2/vivado.log
# Journal file: C:/Users/Sciencethebird/Desktop/DLab_Final_Project_2\vivado.jou
#-----------------------------------------------------------
start_gui
open_project C:/Users/Sciencethebird/Desktop/DLab_Final_Project_2/DLab_Final_Project.xpr
INFO: [Project 1-313] Project file moved from 'C:/Users/Shlab_74/Desktop/DLab_Final_Project_2' since last save.
Scanning sources...
Finished scanning sources
INFO: [IP_Flow 19-234] Refreshing IP repositories
INFO: [IP_Flow 19-1704] No user IP repositories specified
INFO: [IP_Flow 19-2313] Loaded Vivado IP repository 'C:/Xilinx/Vivado/2020.1/data/ip'.
update_compile_order -fileset sources_1
reset_run synth_1
launch_runs impl_1 -to_step write_bitstream -jobs 4
[Fri Jan  8 20:55:49 2021] Launched synth_1...
Run output will be captured here: C:/Users/Sciencethebird/Desktop/DLab_Final_Project_2/DLab_Final_Project.runs/synth_1/runme.log
[Fri Jan  8 20:55:49 2021] Launched impl_1...
Run output will be captured here: C:/Users/Sciencethebird/Desktop/DLab_Final_Project_2/DLab_Final_Project.runs/impl_1/runme.log
open_hw_manager
connect_hw_server -allow_non_jtag
INFO: [Labtools 27-2285] Connecting to hw_server url TCP:localhost:3121
INFO: [Labtools 27-2222] Launching hw_server...
INFO: [Labtools 27-2221] Launch Output:

****** Xilinx hw_server v2020.1
  **** Build date : May 27 2020 at 20:24:38
    ** Copyright 1986-2020 Xilinx, Inc. All Rights Reserved.


INFO: [Labtools 27-3415] Connecting to cs_server url TCP:localhost:3042
INFO: [Labtools 27-3417] Launching cs_server...
INFO: [Labtools 27-2221] Launch Output:


****** Xilinx cs_server v2020.1.0
  **** Build date : May 14 2020-09:10:29
    ** Copyright 2017-2020 Xilinx, Inc. All Rights Reserved.



connect_hw_server: Time (s): cpu = 00:00:01 ; elapsed = 00:00:11 . Memory (MB): peak = 1013.828 ; gain = 0.000
open_hw_target
INFO: [Labtoolstcl 44-466] Opening hw_target localhost:3121/xilinx_tcf/Digilent/210319A438B3A
open_hw_target: Time (s): cpu = 00:00:05 ; elapsed = 00:00:05 . Memory (MB): peak = 2168.922 ; gain = 1155.094
set_property PROGRAM.FILE {C:/Users/Sciencethebird/Desktop/DLab_Final_Project_2/DLab_Final_Project.runs/impl_1/lab10.bit} [get_hw_devices xc7a35t_0]
current_hw_device [get_hw_devices xc7a35t_0]
refresh_hw_device -update_hw_probes false [lindex [get_hw_devices xc7a35t_0] 0]
INFO: [Labtools 27-1434] Device xc7a35t (JTAG device index = 0) is programmed with a design that has no supported debug core(s) in it.
set_property PROBES.FILE {} [get_hw_devices xc7a35t_0]
set_property FULL_PROBES.FILE {} [get_hw_devices xc7a35t_0]
set_property PROGRAM.FILE {C:/Users/Sciencethebird/Desktop/DLab_Final_Project_2/DLab_Final_Project.runs/impl_1/lab10.bit} [get_hw_devices xc7a35t_0]
program_hw_devices [get_hw_devices xc7a35t_0]
INFO: [Labtools 27-3164] End of startup status: HIGH
refresh_hw_device [lindex [get_hw_devices xc7a35t_0] 0]
INFO: [Labtools 27-1434] Device xc7a35t (JTAG device index = 0) is programmed with a design that has no supported debug core(s) in it.
reset_run synth_1
launch_runs impl_1 -to_step write_bitstream -jobs 4
[Fri Jan  8 22:34:30 2021] Launched synth_1...
Run output will be captured here: C:/Users/Sciencethebird/Desktop/DLab_Final_Project_2/DLab_Final_Project.runs/synth_1/runme.log
[Fri Jan  8 22:34:30 2021] Launched impl_1...
Run output will be captured here: C:/Users/Sciencethebird/Desktop/DLab_Final_Project_2/DLab_Final_Project.runs/impl_1/runme.log
reset_run synth_1
launch_runs impl_1 -to_step write_bitstream -jobs 4
[Fri Jan  8 22:36:58 2021] Launched synth_1...
Run output will be captured here: C:/Users/Sciencethebird/Desktop/DLab_Final_Project_2/DLab_Final_Project.runs/synth_1/runme.log
[Fri Jan  8 22:36:58 2021] Launched impl_1...
Run output will be captured here: C:/Users/Sciencethebird/Desktop/DLab_Final_Project_2/DLab_Final_Project.runs/impl_1/runme.log
set_property PROBES.FILE {} [get_hw_devices xc7a35t_0]
set_property FULL_PROBES.FILE {} [get_hw_devices xc7a35t_0]
set_property PROGRAM.FILE {C:/Users/Sciencethebird/Desktop/DLab_Final_Project_2/DLab_Final_Project.runs/impl_1/lab10.bit} [get_hw_devices xc7a35t_0]
program_hw_devices [get_hw_devices xc7a35t_0]
INFO: [Labtools 27-3164] End of startup status: HIGH
refresh_hw_device [lindex [get_hw_devices xc7a35t_0] 0]
INFO: [Labtools 27-1434] Device xc7a35t (JTAG device index = 0) is programmed with a design that has no supported debug core(s) in it.
set_property PROBES.FILE {} [get_hw_devices xc7a35t_0]
set_property FULL_PROBES.FILE {} [get_hw_devices xc7a35t_0]
set_property PROGRAM.FILE {C:/Users/Sciencethebird/Desktop/DLab_Final_Project_2/DLab_Final_Project.runs/impl_1/lab10.bit} [get_hw_devices xc7a35t_0]
program_hw_devices [get_hw_devices xc7a35t_0]
INFO: [Labtools 27-3164] End of startup status: HIGH
refresh_hw_device [lindex [get_hw_devices xc7a35t_0] 0]
INFO: [Labtools 27-1434] Device xc7a35t (JTAG device index = 0) is programmed with a design that has no supported debug core(s) in it.
reset_run synth_1
launch_runs impl_1 -to_step write_bitstream -jobs 4
[Fri Jan  8 22:45:12 2021] Launched synth_1...
Run output will be captured here: C:/Users/Sciencethebird/Desktop/DLab_Final_Project_2/DLab_Final_Project.runs/synth_1/runme.log
[Fri Jan  8 22:45:12 2021] Launched impl_1...
Run output will be captured here: C:/Users/Sciencethebird/Desktop/DLab_Final_Project_2/DLab_Final_Project.runs/impl_1/runme.log
set_property PROBES.FILE {} [get_hw_devices xc7a35t_0]
set_property FULL_PROBES.FILE {} [get_hw_devices xc7a35t_0]
set_property PROGRAM.FILE {C:/Users/Sciencethebird/Desktop/DLab_Final_Project_2/DLab_Final_Project.runs/impl_1/lab10.bit} [get_hw_devices xc7a35t_0]
program_hw_devices [get_hw_devices xc7a35t_0]
INFO: [Labtools 27-3164] End of startup status: HIGH
refresh_hw_device [lindex [get_hw_devices xc7a35t_0] 0]
INFO: [Labtools 27-1434] Device xc7a35t (JTAG device index = 0) is programmed with a design that has no supported debug core(s) in it.
set_property PROBES.FILE {} [get_hw_devices xc7a35t_0]
set_property FULL_PROBES.FILE {} [get_hw_devices xc7a35t_0]
set_property PROGRAM.FILE {C:/Users/Sciencethebird/Desktop/DLab_Final_Project_2/DLab_Final_Project.runs/impl_1/lab10.bit} [get_hw_devices xc7a35t_0]
program_hw_devices [get_hw_devices xc7a35t_0]
INFO: [Labtools 27-3164] End of startup status: HIGH
refresh_hw_device [lindex [get_hw_devices xc7a35t_0] 0]
INFO: [Labtools 27-1434] Device xc7a35t (JTAG device index = 0) is programmed with a design that has no supported debug core(s) in it.
reset_run synth_1
launch_runs impl_1 -to_step write_bitstream -jobs 4
[Fri Jan  8 22:53:21 2021] Launched synth_1...
Run output will be captured here: C:/Users/Sciencethebird/Desktop/DLab_Final_Project_2/DLab_Final_Project.runs/synth_1/runme.log
[Fri Jan  8 22:53:21 2021] Launched impl_1...
Run output will be captured here: C:/Users/Sciencethebird/Desktop/DLab_Final_Project_2/DLab_Final_Project.runs/impl_1/runme.log
set_property PROBES.FILE {} [get_hw_devices xc7a35t_0]
set_property FULL_PROBES.FILE {} [get_hw_devices xc7a35t_0]
set_property PROGRAM.FILE {C:/Users/Sciencethebird/Desktop/DLab_Final_Project_2/DLab_Final_Project.runs/impl_1/lab10.bit} [get_hw_devices xc7a35t_0]
program_hw_devices [get_hw_devices xc7a35t_0]
INFO: [Labtools 27-3164] End of startup status: HIGH
refresh_hw_device [lindex [get_hw_devices xc7a35t_0] 0]
INFO: [Labtools 27-1434] Device xc7a35t (JTAG device index = 0) is programmed with a design that has no supported debug core(s) in it.
reset_run synth_1
launch_runs impl_1 -to_step write_bitstream -jobs 4
[Fri Jan  8 22:59:33 2021] Launched synth_1...
Run output will be captured here: C:/Users/Sciencethebird/Desktop/DLab_Final_Project_2/DLab_Final_Project.runs/synth_1/runme.log
[Fri Jan  8 22:59:33 2021] Launched impl_1...
Run output will be captured here: C:/Users/Sciencethebird/Desktop/DLab_Final_Project_2/DLab_Final_Project.runs/impl_1/runme.log
set_property PROBES.FILE {} [get_hw_devices xc7a35t_0]
set_property FULL_PROBES.FILE {} [get_hw_devices xc7a35t_0]
set_property PROGRAM.FILE {C:/Users/Sciencethebird/Desktop/DLab_Final_Project_2/DLab_Final_Project.runs/impl_1/lab10.bit} [get_hw_devices xc7a35t_0]
program_hw_devices [get_hw_devices xc7a35t_0]
INFO: [Labtools 27-3164] End of startup status: HIGH
refresh_hw_device [lindex [get_hw_devices xc7a35t_0] 0]
INFO: [Labtools 27-1434] Device xc7a35t (JTAG device index = 0) is programmed with a design that has no supported debug core(s) in it.
reset_run synth_1
launch_runs impl_1 -to_step write_bitstream -jobs 4
[Fri Jan  8 23:08:36 2021] Launched synth_1...
Run output will be captured here: C:/Users/Sciencethebird/Desktop/DLab_Final_Project_2/DLab_Final_Project.runs/synth_1/runme.log
[Fri Jan  8 23:08:36 2021] Launched impl_1...
Run output will be captured here: C:/Users/Sciencethebird/Desktop/DLab_Final_Project_2/DLab_Final_Project.runs/impl_1/runme.log
set_property PROBES.FILE {} [get_hw_devices xc7a35t_0]
set_property FULL_PROBES.FILE {} [get_hw_devices xc7a35t_0]
set_property PROGRAM.FILE {C:/Users/Sciencethebird/Desktop/DLab_Final_Project_2/DLab_Final_Project.runs/impl_1/lab10.bit} [get_hw_devices xc7a35t_0]
program_hw_devices [get_hw_devices xc7a35t_0]
INFO: [Labtools 27-3164] End of startup status: HIGH
refresh_hw_device [lindex [get_hw_devices xc7a35t_0] 0]
INFO: [Labtools 27-1434] Device xc7a35t (JTAG device index = 0) is programmed with a design that has no supported debug core(s) in it.
reset_run synth_1
launch_runs impl_1 -to_step write_bitstream -jobs 4
[Fri Jan  8 23:26:26 2021] Launched synth_1...
Run output will be captured here: C:/Users/Sciencethebird/Desktop/DLab_Final_Project_2/DLab_Final_Project.runs/synth_1/runme.log
[Fri Jan  8 23:26:26 2021] Launched impl_1...
Run output will be captured here: C:/Users/Sciencethebird/Desktop/DLab_Final_Project_2/DLab_Final_Project.runs/impl_1/runme.log
reset_run synth_1
launch_runs impl_1 -to_step write_bitstream -jobs 4
[Fri Jan  8 23:30:15 2021] Launched synth_1...
Run output will be captured here: C:/Users/Sciencethebird/Desktop/DLab_Final_Project_2/DLab_Final_Project.runs/synth_1/runme.log
[Fri Jan  8 23:30:15 2021] Launched impl_1...
Run output will be captured here: C:/Users/Sciencethebird/Desktop/DLab_Final_Project_2/DLab_Final_Project.runs/impl_1/runme.log
set_property PROBES.FILE {} [get_hw_devices xc7a35t_0]
set_property FULL_PROBES.FILE {} [get_hw_devices xc7a35t_0]
set_property PROGRAM.FILE {C:/Users/Sciencethebird/Desktop/DLab_Final_Project_2/DLab_Final_Project.runs/impl_1/lab10.bit} [get_hw_devices xc7a35t_0]
program_hw_devices [get_hw_devices xc7a35t_0]
INFO: [Labtools 27-3164] End of startup status: HIGH
refresh_hw_device [lindex [get_hw_devices xc7a35t_0] 0]
INFO: [Labtools 27-1434] Device xc7a35t (JTAG device index = 0) is programmed with a design that has no supported debug core(s) in it.
open_run impl_1
INFO: [Device 21-403] Loading part xc7a35ticsg324-1L
Netlist sorting complete. Time (s): cpu = 00:00:00 ; elapsed = 00:00:00.022 . Memory (MB): peak = 2488.617 ; gain = 0.000
INFO: [Netlist 29-17] Analyzing 254 Unisim elements for replacement
INFO: [Netlist 29-28] Unisim Transformation completed in 0 CPU seconds
INFO: [Project 1-479] Netlist was created with Vivado 2020.1
INFO: [Project 1-570] Preparing netlist for logic optimization
INFO: [Timing 38-478] Restoring timing data from binary archive.
INFO: [Timing 38-479] Binary timing data restore complete.
INFO: [Project 1-856] Restoring constraints from binary archive.
INFO: [Project 1-853] Binary constraint restore complete.
Reading XDEF placement.
Reading placer database...
Reading XDEF routing.
Read XDEF File: Time (s): cpu = 00:00:00 ; elapsed = 00:00:00.296 . Memory (MB): peak = 3110.250 ; gain = 0.000
Restored from archive | CPU: 0.000000 secs | Memory: 0.000000 MB |
Finished XDEF File Restore: Time (s): cpu = 00:00:00 ; elapsed = 00:00:00.297 . Memory (MB): peak = 3110.250 ; gain = 0.000
Netlist sorting complete. Time (s): cpu = 00:00:00 ; elapsed = 00:00:00.001 . Memory (MB): peak = 3110.250 ; gain = 0.000
INFO: [Project 1-111] Unisim Transformation Summary:
No Unisim elements were transformed.

open_run: Time (s): cpu = 00:00:27 ; elapsed = 00:00:28 . Memory (MB): peak = 3210.430 ; gain = 961.535
CRITICAL WARNING: [Timing 38-282] The design failed to meet the timing requirements. Please see the timing summary report for details on the timing violations.
reset_run synth_1
launch_runs impl_1 -to_step write_bitstream -jobs 4
[Fri Jan  8 23:37:50 2021] Launched synth_1...
Run output will be captured here: C:/Users/Sciencethebird/Desktop/DLab_Final_Project_2/DLab_Final_Project.runs/synth_1/runme.log
[Fri Jan  8 23:37:50 2021] Launched impl_1...
Run output will be captured here: C:/Users/Sciencethebird/Desktop/DLab_Final_Project_2/DLab_Final_Project.runs/impl_1/runme.log
set_property PROBES.FILE {} [get_hw_devices xc7a35t_0]
set_property FULL_PROBES.FILE {} [get_hw_devices xc7a35t_0]
set_property PROGRAM.FILE {C:/Users/Sciencethebird/Desktop/DLab_Final_Project_2/DLab_Final_Project.runs/impl_1/lab10.bit} [get_hw_devices xc7a35t_0]
program_hw_devices [get_hw_devices xc7a35t_0]
INFO: [Labtools 27-3164] End of startup status: HIGH
refresh_hw_device [lindex [get_hw_devices xc7a35t_0] 0]
INFO: [Labtools 27-1434] Device xc7a35t (JTAG device index = 0) is programmed with a design that has no supported debug core(s) in it.
reset_run synth_1
launch_runs impl_1 -to_step write_bitstream -jobs 4
[Fri Jan  8 23:44:03 2021] Launched synth_1...
Run output will be captured here: C:/Users/Sciencethebird/Desktop/DLab_Final_Project_2/DLab_Final_Project.runs/synth_1/runme.log
[Fri Jan  8 23:44:03 2021] Launched impl_1...
Run output will be captured here: C:/Users/Sciencethebird/Desktop/DLab_Final_Project_2/DLab_Final_Project.runs/impl_1/runme.log
set_property PROBES.FILE {} [get_hw_devices xc7a35t_0]
set_property FULL_PROBES.FILE {} [get_hw_devices xc7a35t_0]
set_property PROGRAM.FILE {C:/Users/Sciencethebird/Desktop/DLab_Final_Project_2/DLab_Final_Project.runs/impl_1/lab10.bit} [get_hw_devices xc7a35t_0]
program_hw_devices [get_hw_devices xc7a35t_0]
INFO: [Labtools 27-3164] End of startup status: HIGH
refresh_hw_device [lindex [get_hw_devices xc7a35t_0] 0]
INFO: [Labtools 27-1434] Device xc7a35t (JTAG device index = 0) is programmed with a design that has no supported debug core(s) in it.
set_property PROBES.FILE {} [get_hw_devices xc7a35t_0]
set_property FULL_PROBES.FILE {} [get_hw_devices xc7a35t_0]
set_property PROGRAM.FILE {C:/Users/Sciencethebird/Desktop/DLab_Final_Project_2/DLab_Final_Project.runs/impl_1/lab10.bit} [get_hw_devices xc7a35t_0]
program_hw_devices [get_hw_devices xc7a35t_0]
INFO: [Labtools 27-3164] End of startup status: HIGH
refresh_hw_device [lindex [get_hw_devices xc7a35t_0] 0]
INFO: [Labtools 27-1434] Device xc7a35t (JTAG device index = 0) is programmed with a design that has no supported debug core(s) in it.
reset_run synth_1
launch_runs impl_1 -to_step write_bitstream -jobs 4
[Sat Jan  9 00:03:13 2021] Launched synth_1...
Run output will be captured here: C:/Users/Sciencethebird/Desktop/DLab_Final_Project_2/DLab_Final_Project.runs/synth_1/runme.log
[Sat Jan  9 00:03:13 2021] Launched impl_1...
Run output will be captured here: C:/Users/Sciencethebird/Desktop/DLab_Final_Project_2/DLab_Final_Project.runs/impl_1/runme.log
set_property PROBES.FILE {} [get_hw_devices xc7a35t_0]
set_property FULL_PROBES.FILE {} [get_hw_devices xc7a35t_0]
set_property PROGRAM.FILE {C:/Users/Sciencethebird/Desktop/DLab_Final_Project_2/DLab_Final_Project.runs/impl_1/lab10.bit} [get_hw_devices xc7a35t_0]
program_hw_devices [get_hw_devices xc7a35t_0]
INFO: [Labtools 27-3164] End of startup status: HIGH
refresh_hw_device [lindex [get_hw_devices xc7a35t_0] 0]
INFO: [Labtools 27-1434] Device xc7a35t (JTAG device index = 0) is programmed with a design that has no supported debug core(s) in it.
reset_run synth_1
launch_runs impl_1 -to_step write_bitstream -jobs 4
[Sat Jan  9 00:09:05 2021] Launched synth_1...
Run output will be captured here: C:/Users/Sciencethebird/Desktop/DLab_Final_Project_2/DLab_Final_Project.runs/synth_1/runme.log
[Sat Jan  9 00:09:05 2021] Launched impl_1...
Run output will be captured here: C:/Users/Sciencethebird/Desktop/DLab_Final_Project_2/DLab_Final_Project.runs/impl_1/runme.log
set_property PROBES.FILE {} [get_hw_devices xc7a35t_0]
set_property FULL_PROBES.FILE {} [get_hw_devices xc7a35t_0]
set_property PROGRAM.FILE {C:/Users/Sciencethebird/Desktop/DLab_Final_Project_2/DLab_Final_Project.runs/impl_1/lab10.bit} [get_hw_devices xc7a35t_0]
program_hw_devices [get_hw_devices xc7a35t_0]
INFO: [Labtools 27-3164] End of startup status: HIGH
refresh_hw_device [lindex [get_hw_devices xc7a35t_0] 0]
INFO: [Labtools 27-1434] Device xc7a35t (JTAG device index = 0) is programmed with a design that has no supported debug core(s) in it.
reset_run synth_1
launch_runs impl_1 -to_step write_bitstream -jobs 4
[Sat Jan  9 01:06:03 2021] Launched synth_1...
Run output will be captured here: C:/Users/Sciencethebird/Desktop/DLab_Final_Project_2/DLab_Final_Project.runs/synth_1/runme.log
[Sat Jan  9 01:06:03 2021] Launched impl_1...
Run output will be captured here: C:/Users/Sciencethebird/Desktop/DLab_Final_Project_2/DLab_Final_Project.runs/impl_1/runme.log
reset_run impl_1
launch_runs impl_1 -jobs 4
[Sat Jan  9 01:09:48 2021] Launched impl_1...
Run output will be captured here: C:/Users/Sciencethebird/Desktop/DLab_Final_Project_2/DLab_Final_Project.runs/impl_1/runme.log
refresh_design
Netlist sorting complete. Time (s): cpu = 00:00:00 ; elapsed = 00:00:00.028 . Memory (MB): peak = 3234.004 ; gain = 0.000
INFO: [Netlist 29-17] Analyzing 376 Unisim elements for replacement
INFO: [Netlist 29-28] Unisim Transformation completed in 0 CPU seconds
INFO: [Project 1-479] Netlist was created with Vivado 2020.1
INFO: [Project 1-570] Preparing netlist for logic optimization
INFO: [Timing 38-478] Restoring timing data from binary archive.
INFO: [Timing 38-479] Binary timing data restore complete.
INFO: [Project 1-856] Restoring constraints from binary archive.
INFO: [Project 1-853] Binary constraint restore complete.
Reading XDEF placement.
Reading placer database...
Reading XDEF routing.
Read XDEF File: Time (s): cpu = 00:00:00 ; elapsed = 00:00:00.335 . Memory (MB): peak = 3281.539 ; gain = 0.000
Restored from archive | CPU: 0.000000 secs | Memory: 0.000000 MB |
Finished XDEF File Restore: Time (s): cpu = 00:00:00 ; elapsed = 00:00:00.335 . Memory (MB): peak = 3281.539 ; gain = 0.000
refresh_design: Time (s): cpu = 00:00:10 ; elapsed = 00:00:06 . Memory (MB): peak = 3333.762 ; gain = 113.289
CRITICAL WARNING: [Timing 38-282] The design failed to meet the timing requirements. Please see the timing summary report for details on the timing violations.
launch_runs impl_1 -to_step write_bitstream -jobs 4
[Sat Jan  9 01:12:09 2021] Launched impl_1...
Run output will be captured here: C:/Users/Sciencethebird/Desktop/DLab_Final_Project_2/DLab_Final_Project.runs/impl_1/runme.log
set_property PROBES.FILE {} [get_hw_devices xc7a35t_0]
set_property FULL_PROBES.FILE {} [get_hw_devices xc7a35t_0]
set_property PROGRAM.FILE {C:/Users/Sciencethebird/Desktop/DLab_Final_Project_2/DLab_Final_Project.runs/impl_1/lab10.bit} [get_hw_devices xc7a35t_0]
program_hw_devices [get_hw_devices xc7a35t_0]
INFO: [Labtools 27-3164] End of startup status: HIGH
refresh_hw_device [lindex [get_hw_devices xc7a35t_0] 0]
INFO: [Labtools 27-1434] Device xc7a35t (JTAG device index = 0) is programmed with a design that has no supported debug core(s) in it.
reset_run synth_1
launch_runs impl_1 -to_step write_bitstream -jobs 4
[Sat Jan  9 01:18:49 2021] Launched synth_1...
Run output will be captured here: C:/Users/Sciencethebird/Desktop/DLab_Final_Project_2/DLab_Final_Project.runs/synth_1/runme.log
[Sat Jan  9 01:18:49 2021] Launched impl_1...
Run output will be captured here: C:/Users/Sciencethebird/Desktop/DLab_Final_Project_2/DLab_Final_Project.runs/impl_1/runme.log
set_property PROBES.FILE {} [get_hw_devices xc7a35t_0]
set_property FULL_PROBES.FILE {} [get_hw_devices xc7a35t_0]
set_property PROGRAM.FILE {C:/Users/Sciencethebird/Desktop/DLab_Final_Project_2/DLab_Final_Project.runs/impl_1/lab10.bit} [get_hw_devices xc7a35t_0]
program_hw_devices [get_hw_devices xc7a35t_0]
INFO: [Labtools 27-3164] End of startup status: HIGH
refresh_hw_device [lindex [get_hw_devices xc7a35t_0] 0]
INFO: [Labtools 27-1434] Device xc7a35t (JTAG device index = 0) is programmed with a design that has no supported debug core(s) in it.
reset_run synth_1
launch_runs impl_1 -to_step write_bitstream -jobs 4
[Sat Jan  9 02:15:00 2021] Launched synth_1...
Run output will be captured here: C:/Users/Sciencethebird/Desktop/DLab_Final_Project_2/DLab_Final_Project.runs/synth_1/runme.log
[Sat Jan  9 02:15:00 2021] Launched impl_1...
Run output will be captured here: C:/Users/Sciencethebird/Desktop/DLab_Final_Project_2/DLab_Final_Project.runs/impl_1/runme.log
set_property PROBES.FILE {} [get_hw_devices xc7a35t_0]
set_property FULL_PROBES.FILE {} [get_hw_devices xc7a35t_0]
set_property PROGRAM.FILE {C:/Users/Sciencethebird/Desktop/DLab_Final_Project_2/DLab_Final_Project.runs/impl_1/lab10.bit} [get_hw_devices xc7a35t_0]
program_hw_devices [get_hw_devices xc7a35t_0]
INFO: [Labtools 27-3164] End of startup status: HIGH
refresh_hw_device [lindex [get_hw_devices xc7a35t_0] 0]
INFO: [Labtools 27-1434] Device xc7a35t (JTAG device index = 0) is programmed with a design that has no supported debug core(s) in it.
reset_run synth_1
launch_runs impl_1 -to_step write_bitstream -jobs 4
[Sat Jan  9 02:20:46 2021] Launched synth_1...
Run output will be captured here: C:/Users/Sciencethebird/Desktop/DLab_Final_Project_2/DLab_Final_Project.runs/synth_1/runme.log
[Sat Jan  9 02:20:46 2021] Launched impl_1...
Run output will be captured here: C:/Users/Sciencethebird/Desktop/DLab_Final_Project_2/DLab_Final_Project.runs/impl_1/runme.log
set_property PROBES.FILE {} [get_hw_devices xc7a35t_0]
set_property FULL_PROBES.FILE {} [get_hw_devices xc7a35t_0]
set_property PROGRAM.FILE {C:/Users/Sciencethebird/Desktop/DLab_Final_Project_2/DLab_Final_Project.runs/impl_1/lab10.bit} [get_hw_devices xc7a35t_0]
program_hw_devices [get_hw_devices xc7a35t_0]
INFO: [Labtools 27-3164] End of startup status: HIGH
refresh_hw_device [lindex [get_hw_devices xc7a35t_0] 0]
INFO: [Labtools 27-1434] Device xc7a35t (JTAG device index = 0) is programmed with a design that has no supported debug core(s) in it.
set_property PROBES.FILE {} [get_hw_devices xc7a35t_0]
set_property FULL_PROBES.FILE {} [get_hw_devices xc7a35t_0]
set_property PROGRAM.FILE {C:/Users/Sciencethebird/Desktop/DLab_Final_Project_2/DLab_Final_Project.runs/impl_1/lab10.bit} [get_hw_devices xc7a35t_0]
program_hw_devices [get_hw_devices xc7a35t_0]
INFO: [Labtools 27-3164] End of startup status: HIGH
refresh_hw_device [lindex [get_hw_devices xc7a35t_0] 0]
INFO: [Labtools 27-1434] Device xc7a35t (JTAG device index = 0) is programmed with a design that has no supported debug core(s) in it.
reset_run synth_1
launch_runs impl_1 -to_step write_bitstream -jobs 4
[Sat Jan  9 02:38:31 2021] Launched synth_1...
Run output will be captured here: C:/Users/Sciencethebird/Desktop/DLab_Final_Project_2/DLab_Final_Project.runs/synth_1/runme.log
[Sat Jan  9 02:38:31 2021] Launched impl_1...
Run output will be captured here: C:/Users/Sciencethebird/Desktop/DLab_Final_Project_2/DLab_Final_Project.runs/impl_1/runme.log
set_property PROBES.FILE {} [get_hw_devices xc7a35t_0]
set_property FULL_PROBES.FILE {} [get_hw_devices xc7a35t_0]
set_property PROGRAM.FILE {C:/Users/Sciencethebird/Desktop/DLab_Final_Project_2/DLab_Final_Project.runs/impl_1/lab10.bit} [get_hw_devices xc7a35t_0]
program_hw_devices [get_hw_devices xc7a35t_0]
INFO: [Labtools 27-3164] End of startup status: HIGH
refresh_hw_device [lindex [get_hw_devices xc7a35t_0] 0]
INFO: [Labtools 27-1434] Device xc7a35t (JTAG device index = 0) is programmed with a design that has no supported debug core(s) in it.
reset_run synth_1
launch_runs impl_1 -to_step write_bitstream -jobs 4
[Sat Jan  9 02:54:04 2021] Launched synth_1...
Run output will be captured here: C:/Users/Sciencethebird/Desktop/DLab_Final_Project_2/DLab_Final_Project.runs/synth_1/runme.log
[Sat Jan  9 02:54:04 2021] Launched impl_1...
Run output will be captured here: C:/Users/Sciencethebird/Desktop/DLab_Final_Project_2/DLab_Final_Project.runs/impl_1/runme.log
set_property PROBES.FILE {} [get_hw_devices xc7a35t_0]
set_property FULL_PROBES.FILE {} [get_hw_devices xc7a35t_0]
set_property PROGRAM.FILE {C:/Users/Sciencethebird/Desktop/DLab_Final_Project_2/DLab_Final_Project.runs/impl_1/lab10.bit} [get_hw_devices xc7a35t_0]
program_hw_devices [get_hw_devices xc7a35t_0]
INFO: [Labtools 27-3164] End of startup status: HIGH
refresh_hw_device [lindex [get_hw_devices xc7a35t_0] 0]
INFO: [Labtools 27-1434] Device xc7a35t (JTAG device index = 0) is programmed with a design that has no supported debug core(s) in it.
reset_run synth_1
launch_runs impl_1 -to_step write_bitstream -jobs 4
[Sat Jan  9 03:00:49 2021] Launched synth_1...
Run output will be captured here: C:/Users/Sciencethebird/Desktop/DLab_Final_Project_2/DLab_Final_Project.runs/synth_1/runme.log
[Sat Jan  9 03:00:49 2021] Launched impl_1...
Run output will be captured here: C:/Users/Sciencethebird/Desktop/DLab_Final_Project_2/DLab_Final_Project.runs/impl_1/runme.log
set_property PROBES.FILE {} [get_hw_devices xc7a35t_0]
set_property FULL_PROBES.FILE {} [get_hw_devices xc7a35t_0]
set_property PROGRAM.FILE {C:/Users/Sciencethebird/Desktop/DLab_Final_Project_2/DLab_Final_Project.runs/impl_1/lab10.bit} [get_hw_devices xc7a35t_0]
program_hw_devices [get_hw_devices xc7a35t_0]
INFO: [Labtools 27-3164] End of startup status: HIGH
refresh_hw_device [lindex [get_hw_devices xc7a35t_0] 0]
INFO: [Labtools 27-1434] Device xc7a35t (JTAG device index = 0) is programmed with a design that has no supported debug core(s) in it.
set_property PROBES.FILE {} [get_hw_devices xc7a35t_0]
set_property FULL_PROBES.FILE {} [get_hw_devices xc7a35t_0]
set_property PROGRAM.FILE {C:/Users/Sciencethebird/Desktop/DLab_Final_Project_2/DLab_Final_Project.runs/impl_1/lab10.bit} [get_hw_devices xc7a35t_0]
program_hw_devices [get_hw_devices xc7a35t_0]
INFO: [Labtools 27-3164] End of startup status: HIGH
refresh_hw_device [lindex [get_hw_devices xc7a35t_0] 0]
INFO: [Labtools 27-1434] Device xc7a35t (JTAG device index = 0) is programmed with a design that has no supported debug core(s) in it.
set_property PROBES.FILE {} [get_hw_devices xc7a35t_0]
set_property FULL_PROBES.FILE {} [get_hw_devices xc7a35t_0]
set_property PROGRAM.FILE {C:/Users/Sciencethebird/Desktop/DLab_Final_Project_2/DLab_Final_Project.runs/impl_1/lab10.bit} [get_hw_devices xc7a35t_0]
program_hw_devices [get_hw_devices xc7a35t_0]
INFO: [Labtools 27-3164] End of startup status: HIGH
refresh_hw_device [lindex [get_hw_devices xc7a35t_0] 0]
INFO: [Labtools 27-1434] Device xc7a35t (JTAG device index = 0) is programmed with a design that has no supported debug core(s) in it.
reset_run synth_1
launch_runs impl_1 -to_step write_bitstream -jobs 4
[Sat Jan  9 03:09:54 2021] Launched synth_1...
Run output will be captured here: C:/Users/Sciencethebird/Desktop/DLab_Final_Project_2/DLab_Final_Project.runs/synth_1/runme.log
[Sat Jan  9 03:09:54 2021] Launched impl_1...
Run output will be captured here: C:/Users/Sciencethebird/Desktop/DLab_Final_Project_2/DLab_Final_Project.runs/impl_1/runme.log
set_property PROBES.FILE {} [get_hw_devices xc7a35t_0]
set_property FULL_PROBES.FILE {} [get_hw_devices xc7a35t_0]
set_property PROGRAM.FILE {C:/Users/Sciencethebird/Desktop/DLab_Final_Project_2/DLab_Final_Project.runs/impl_1/lab10.bit} [get_hw_devices xc7a35t_0]
program_hw_devices [get_hw_devices xc7a35t_0]
INFO: [Labtools 27-3164] End of startup status: HIGH
refresh_hw_device [lindex [get_hw_devices xc7a35t_0] 0]
INFO: [Labtools 27-1434] Device xc7a35t (JTAG device index = 0) is programmed with a design that has no supported debug core(s) in it.
reset_run synth_1
launch_runs impl_1 -to_step write_bitstream -jobs 4
[Sat Jan  9 03:18:44 2021] Launched synth_1...
Run output will be captured here: C:/Users/Sciencethebird/Desktop/DLab_Final_Project_2/DLab_Final_Project.runs/synth_1/runme.log
[Sat Jan  9 03:18:44 2021] Launched impl_1...
Run output will be captured here: C:/Users/Sciencethebird/Desktop/DLab_Final_Project_2/DLab_Final_Project.runs/impl_1/runme.log
set_property PROBES.FILE {} [get_hw_devices xc7a35t_0]
set_property FULL_PROBES.FILE {} [get_hw_devices xc7a35t_0]
set_property PROGRAM.FILE {C:/Users/Sciencethebird/Desktop/DLab_Final_Project_2/DLab_Final_Project.runs/impl_1/lab10.bit} [get_hw_devices xc7a35t_0]
program_hw_devices [get_hw_devices xc7a35t_0]
INFO: [Labtools 27-3164] End of startup status: HIGH
refresh_hw_device [lindex [get_hw_devices xc7a35t_0] 0]
INFO: [Labtools 27-1434] Device xc7a35t (JTAG device index = 0) is programmed with a design that has no supported debug core(s) in it.
reset_run synth_1
launch_runs impl_1 -to_step write_bitstream -jobs 4
[Sat Jan  9 03:25:54 2021] Launched synth_1...
Run output will be captured here: C:/Users/Sciencethebird/Desktop/DLab_Final_Project_2/DLab_Final_Project.runs/synth_1/runme.log
[Sat Jan  9 03:25:54 2021] Launched impl_1...
Run output will be captured here: C:/Users/Sciencethebird/Desktop/DLab_Final_Project_2/DLab_Final_Project.runs/impl_1/runme.log
set_property PROBES.FILE {} [get_hw_devices xc7a35t_0]
set_property FULL_PROBES.FILE {} [get_hw_devices xc7a35t_0]
set_property PROGRAM.FILE {C:/Users/Sciencethebird/Desktop/DLab_Final_Project_2/DLab_Final_Project.runs/impl_1/lab10.bit} [get_hw_devices xc7a35t_0]
program_hw_devices [get_hw_devices xc7a35t_0]
INFO: [Labtools 27-3164] End of startup status: HIGH
refresh_hw_device [lindex [get_hw_devices xc7a35t_0] 0]
INFO: [Labtools 27-1434] Device xc7a35t (JTAG device index = 0) is programmed with a design that has no supported debug core(s) in it.
set_property PROBES.FILE {} [get_hw_devices xc7a35t_0]
set_property FULL_PROBES.FILE {} [get_hw_devices xc7a35t_0]
set_property PROGRAM.FILE {C:/Users/Sciencethebird/Desktop/DLab_Final_Project_2/DLab_Final_Project.runs/impl_1/lab10.bit} [get_hw_devices xc7a35t_0]
program_hw_devices [get_hw_devices xc7a35t_0]
INFO: [Labtools 27-3164] End of startup status: HIGH
refresh_hw_device [lindex [get_hw_devices xc7a35t_0] 0]
INFO: [Labtools 27-1434] Device xc7a35t (JTAG device index = 0) is programmed with a design that has no supported debug core(s) in it.
reset_run synth_1
launch_runs impl_1 -to_step write_bitstream -jobs 4
[Sat Jan  9 03:33:26 2021] Launched synth_1...
Run output will be captured here: C:/Users/Sciencethebird/Desktop/DLab_Final_Project_2/DLab_Final_Project.runs/synth_1/runme.log
[Sat Jan  9 03:33:26 2021] Launched impl_1...
Run output will be captured here: C:/Users/Sciencethebird/Desktop/DLab_Final_Project_2/DLab_Final_Project.runs/impl_1/runme.log
set_property PROBES.FILE {} [get_hw_devices xc7a35t_0]
set_property FULL_PROBES.FILE {} [get_hw_devices xc7a35t_0]
set_property PROGRAM.FILE {C:/Users/Sciencethebird/Desktop/DLab_Final_Project_2/DLab_Final_Project.runs/impl_1/lab10.bit} [get_hw_devices xc7a35t_0]
program_hw_devices [get_hw_devices xc7a35t_0]
INFO: [Labtools 27-3164] End of startup status: HIGH
refresh_hw_device [lindex [get_hw_devices xc7a35t_0] 0]
INFO: [Labtools 27-1434] Device xc7a35t (JTAG device index = 0) is programmed with a design that has no supported debug core(s) in it.
reset_run synth_1
launch_runs impl_1 -to_step write_bitstream -jobs 4
[Sat Jan  9 03:40:33 2021] Launched synth_1...
Run output will be captured here: C:/Users/Sciencethebird/Desktop/DLab_Final_Project_2/DLab_Final_Project.runs/synth_1/runme.log
[Sat Jan  9 03:40:33 2021] Launched impl_1...
Run output will be captured here: C:/Users/Sciencethebird/Desktop/DLab_Final_Project_2/DLab_Final_Project.runs/impl_1/runme.log
set_property PROBES.FILE {} [get_hw_devices xc7a35t_0]
set_property FULL_PROBES.FILE {} [get_hw_devices xc7a35t_0]
set_property PROGRAM.FILE {C:/Users/Sciencethebird/Desktop/DLab_Final_Project_2/DLab_Final_Project.runs/impl_1/lab10.bit} [get_hw_devices xc7a35t_0]
program_hw_devices [get_hw_devices xc7a35t_0]
INFO: [Labtools 27-3164] End of startup status: HIGH
refresh_hw_device [lindex [get_hw_devices xc7a35t_0] 0]
INFO: [Labtools 27-1434] Device xc7a35t (JTAG device index = 0) is programmed with a design that has no supported debug core(s) in it.
reset_run synth_1
launch_runs impl_1 -to_step write_bitstream -jobs 4
[Sat Jan  9 03:50:14 2021] Launched synth_1...
Run output will be captured here: C:/Users/Sciencethebird/Desktop/DLab_Final_Project_2/DLab_Final_Project.runs/synth_1/runme.log
[Sat Jan  9 03:50:14 2021] Launched impl_1...
Run output will be captured here: C:/Users/Sciencethebird/Desktop/DLab_Final_Project_2/DLab_Final_Project.runs/impl_1/runme.log
set_property PROBES.FILE {} [get_hw_devices xc7a35t_0]
set_property FULL_PROBES.FILE {} [get_hw_devices xc7a35t_0]
set_property PROGRAM.FILE {C:/Users/Sciencethebird/Desktop/DLab_Final_Project_2/DLab_Final_Project.runs/impl_1/lab10.bit} [get_hw_devices xc7a35t_0]
program_hw_devices [get_hw_devices xc7a35t_0]
INFO: [Labtools 27-3164] End of startup status: HIGH
refresh_hw_device [lindex [get_hw_devices xc7a35t_0] 0]
INFO: [Labtools 27-1434] Device xc7a35t (JTAG device index = 0) is programmed with a design that has no supported debug core(s) in it.
reset_run synth_1
launch_runs impl_1 -to_step write_bitstream -jobs 4
[Sat Jan  9 03:57:16 2021] Launched synth_1...
Run output will be captured here: C:/Users/Sciencethebird/Desktop/DLab_Final_Project_2/DLab_Final_Project.runs/synth_1/runme.log
[Sat Jan  9 03:57:16 2021] Launched impl_1...
Run output will be captured here: C:/Users/Sciencethebird/Desktop/DLab_Final_Project_2/DLab_Final_Project.runs/impl_1/runme.log
set_property PROBES.FILE {} [get_hw_devices xc7a35t_0]
set_property FULL_PROBES.FILE {} [get_hw_devices xc7a35t_0]
set_property PROGRAM.FILE {C:/Users/Sciencethebird/Desktop/DLab_Final_Project_2/DLab_Final_Project.runs/impl_1/lab10.bit} [get_hw_devices xc7a35t_0]
program_hw_devices [get_hw_devices xc7a35t_0]
INFO: [Labtools 27-3164] End of startup status: HIGH
refresh_hw_device [lindex [get_hw_devices xc7a35t_0] 0]
INFO: [Labtools 27-1434] Device xc7a35t (JTAG device index = 0) is programmed with a design that has no supported debug core(s) in it.
reset_run synth_1
launch_runs impl_1 -to_step write_bitstream -jobs 4
[Sat Jan  9 04:05:42 2021] Launched synth_1...
Run output will be captured here: C:/Users/Sciencethebird/Desktop/DLab_Final_Project_2/DLab_Final_Project.runs/synth_1/runme.log
[Sat Jan  9 04:05:42 2021] Launched impl_1...
Run output will be captured here: C:/Users/Sciencethebird/Desktop/DLab_Final_Project_2/DLab_Final_Project.runs/impl_1/runme.log
set_property PROBES.FILE {} [get_hw_devices xc7a35t_0]
set_property FULL_PROBES.FILE {} [get_hw_devices xc7a35t_0]
set_property PROGRAM.FILE {C:/Users/Sciencethebird/Desktop/DLab_Final_Project_2/DLab_Final_Project.runs/impl_1/lab10.bit} [get_hw_devices xc7a35t_0]
program_hw_devices [get_hw_devices xc7a35t_0]
INFO: [Labtools 27-3164] End of startup status: HIGH
refresh_hw_device [lindex [get_hw_devices xc7a35t_0] 0]
INFO: [Labtools 27-1434] Device xc7a35t (JTAG device index = 0) is programmed with a design that has no supported debug core(s) in it.
reset_run synth_1
launch_runs impl_1 -to_step write_bitstream -jobs 4
[Sat Jan  9 04:13:05 2021] Launched synth_1...
Run output will be captured here: C:/Users/Sciencethebird/Desktop/DLab_Final_Project_2/DLab_Final_Project.runs/synth_1/runme.log
[Sat Jan  9 04:13:05 2021] Launched impl_1...
Run output will be captured here: C:/Users/Sciencethebird/Desktop/DLab_Final_Project_2/DLab_Final_Project.runs/impl_1/runme.log
set_property PROBES.FILE {} [get_hw_devices xc7a35t_0]
set_property FULL_PROBES.FILE {} [get_hw_devices xc7a35t_0]
set_property PROGRAM.FILE {C:/Users/Sciencethebird/Desktop/DLab_Final_Project_2/DLab_Final_Project.runs/impl_1/lab10.bit} [get_hw_devices xc7a35t_0]
program_hw_devices [get_hw_devices xc7a35t_0]
INFO: [Labtools 27-3164] End of startup status: HIGH
refresh_hw_device [lindex [get_hw_devices xc7a35t_0] 0]
INFO: [Labtools 27-1434] Device xc7a35t (JTAG device index = 0) is programmed with a design that has no supported debug core(s) in it.
reset_run synth_1
launch_runs impl_1 -to_step write_bitstream -jobs 4
[Sat Jan  9 04:23:39 2021] Launched synth_1...
Run output will be captured here: C:/Users/Sciencethebird/Desktop/DLab_Final_Project_2/DLab_Final_Project.runs/synth_1/runme.log
[Sat Jan  9 04:23:39 2021] Launched impl_1...
Run output will be captured here: C:/Users/Sciencethebird/Desktop/DLab_Final_Project_2/DLab_Final_Project.runs/impl_1/runme.log
set_property PROBES.FILE {} [get_hw_devices xc7a35t_0]
set_property FULL_PROBES.FILE {} [get_hw_devices xc7a35t_0]
set_property PROGRAM.FILE {C:/Users/Sciencethebird/Desktop/DLab_Final_Project_2/DLab_Final_Project.runs/impl_1/lab10.bit} [get_hw_devices xc7a35t_0]
program_hw_devices [get_hw_devices xc7a35t_0]
INFO: [Labtools 27-3164] End of startup status: HIGH
refresh_hw_device [lindex [get_hw_devices xc7a35t_0] 0]
INFO: [Labtools 27-1434] Device xc7a35t (JTAG device index = 0) is programmed with a design that has no supported debug core(s) in it.
reset_run synth_1
launch_runs impl_1 -to_step write_bitstream -jobs 4
[Sat Jan  9 04:29:56 2021] Launched synth_1...
Run output will be captured here: C:/Users/Sciencethebird/Desktop/DLab_Final_Project_2/DLab_Final_Project.runs/synth_1/runme.log
[Sat Jan  9 04:29:56 2021] Launched impl_1...
Run output will be captured here: C:/Users/Sciencethebird/Desktop/DLab_Final_Project_2/DLab_Final_Project.runs/impl_1/runme.log
set_property PROBES.FILE {} [get_hw_devices xc7a35t_0]
set_property FULL_PROBES.FILE {} [get_hw_devices xc7a35t_0]
set_property PROGRAM.FILE {C:/Users/Sciencethebird/Desktop/DLab_Final_Project_2/DLab_Final_Project.runs/impl_1/lab10.bit} [get_hw_devices xc7a35t_0]
program_hw_devices [get_hw_devices xc7a35t_0]
INFO: [Labtools 27-3164] End of startup status: HIGH
refresh_hw_device [lindex [get_hw_devices xc7a35t_0] 0]
INFO: [Labtools 27-1434] Device xc7a35t (JTAG device index = 0) is programmed with a design that has no supported debug core(s) in it.
reset_run synth_1
launch_runs impl_1 -to_step write_bitstream -jobs 4
[Sat Jan  9 04:37:58 2021] Launched synth_1...
Run output will be captured here: C:/Users/Sciencethebird/Desktop/DLab_Final_Project_2/DLab_Final_Project.runs/synth_1/runme.log
[Sat Jan  9 04:37:58 2021] Launched impl_1...
Run output will be captured here: C:/Users/Sciencethebird/Desktop/DLab_Final_Project_2/DLab_Final_Project.runs/impl_1/runme.log
set_property PROBES.FILE {} [get_hw_devices xc7a35t_0]
set_property FULL_PROBES.FILE {} [get_hw_devices xc7a35t_0]
set_property PROGRAM.FILE {C:/Users/Sciencethebird/Desktop/DLab_Final_Project_2/DLab_Final_Project.runs/impl_1/lab10.bit} [get_hw_devices xc7a35t_0]
program_hw_devices [get_hw_devices xc7a35t_0]
INFO: [Labtools 27-3164] End of startup status: HIGH
refresh_hw_device [lindex [get_hw_devices xc7a35t_0] 0]
INFO: [Labtools 27-1434] Device xc7a35t (JTAG device index = 0) is programmed with a design that has no supported debug core(s) in it.
reset_run synth_1
launch_runs impl_1 -to_step write_bitstream -jobs 4
[Sat Jan  9 04:43:40 2021] Launched synth_1...
Run output will be captured here: C:/Users/Sciencethebird/Desktop/DLab_Final_Project_2/DLab_Final_Project.runs/synth_1/runme.log
[Sat Jan  9 04:43:40 2021] Launched impl_1...
Run output will be captured here: C:/Users/Sciencethebird/Desktop/DLab_Final_Project_2/DLab_Final_Project.runs/impl_1/runme.log
reset_run synth_1
launch_runs impl_1 -to_step write_bitstream -jobs 4
[Sat Jan  9 04:46:22 2021] Launched synth_1...
Run output will be captured here: C:/Users/Sciencethebird/Desktop/DLab_Final_Project_2/DLab_Final_Project.runs/synth_1/runme.log
[Sat Jan  9 04:46:22 2021] Launched impl_1...
Run output will be captured here: C:/Users/Sciencethebird/Desktop/DLab_Final_Project_2/DLab_Final_Project.runs/impl_1/runme.log
set_property PROBES.FILE {} [get_hw_devices xc7a35t_0]
set_property FULL_PROBES.FILE {} [get_hw_devices xc7a35t_0]
set_property PROGRAM.FILE {C:/Users/Sciencethebird/Desktop/DLab_Final_Project_2/DLab_Final_Project.runs/impl_1/lab10.bit} [get_hw_devices xc7a35t_0]
program_hw_devices [get_hw_devices xc7a35t_0]
INFO: [Labtools 27-3164] End of startup status: HIGH
refresh_hw_device [lindex [get_hw_devices xc7a35t_0] 0]
INFO: [Labtools 27-1434] Device xc7a35t (JTAG device index = 0) is programmed with a design that has no supported debug core(s) in it.
reset_run synth_1
launch_runs impl_1 -to_step write_bitstream -jobs 4
[Sat Jan  9 04:53:00 2021] Launched synth_1...
Run output will be captured here: C:/Users/Sciencethebird/Desktop/DLab_Final_Project_2/DLab_Final_Project.runs/synth_1/runme.log
[Sat Jan  9 04:53:00 2021] Launched impl_1...
Run output will be captured here: C:/Users/Sciencethebird/Desktop/DLab_Final_Project_2/DLab_Final_Project.runs/impl_1/runme.log
set_property PROBES.FILE {} [get_hw_devices xc7a35t_0]
set_property FULL_PROBES.FILE {} [get_hw_devices xc7a35t_0]
set_property PROGRAM.FILE {C:/Users/Sciencethebird/Desktop/DLab_Final_Project_2/DLab_Final_Project.runs/impl_1/lab10.bit} [get_hw_devices xc7a35t_0]
program_hw_devices [get_hw_devices xc7a35t_0]
INFO: [Labtools 27-3164] End of startup status: HIGH
refresh_hw_device [lindex [get_hw_devices xc7a35t_0] 0]
INFO: [Labtools 27-1434] Device xc7a35t (JTAG device index = 0) is programmed with a design that has no supported debug core(s) in it.
undo
INFO: [Common 17-17] undo 'set_property PROGRAM.FILE {C:/Users/Sciencethebird/Desktop/DLab_Final_Project_2/DLab_Final_Project.runs/impl_1/lab10.bit} [get_hw_devices xc7a35t_0]'
undo
INFO: [Common 17-17] undo 'set_property FULL_PROBES.FILE {} [get_hw_devices xc7a35t_0]'
reset_run synth_1
launch_runs impl_1 -to_step write_bitstream -jobs 4
[Sat Jan  9 04:58:50 2021] Launched synth_1...
Run output will be captured here: C:/Users/Sciencethebird/Desktop/DLab_Final_Project_2/DLab_Final_Project.runs/synth_1/runme.log
[Sat Jan  9 04:58:51 2021] Launched impl_1...
Run output will be captured here: C:/Users/Sciencethebird/Desktop/DLab_Final_Project_2/DLab_Final_Project.runs/impl_1/runme.log
set_property PROBES.FILE {} [get_hw_devices xc7a35t_0]
set_property FULL_PROBES.FILE {} [get_hw_devices xc7a35t_0]
set_property PROGRAM.FILE {C:/Users/Sciencethebird/Desktop/DLab_Final_Project_2/DLab_Final_Project.runs/impl_1/lab10.bit} [get_hw_devices xc7a35t_0]
program_hw_devices [get_hw_devices xc7a35t_0]
INFO: [Labtools 27-3164] End of startup status: HIGH
refresh_hw_device [lindex [get_hw_devices xc7a35t_0] 0]
INFO: [Labtools 27-1434] Device xc7a35t (JTAG device index = 0) is programmed with a design that has no supported debug core(s) in it.
reset_run synth_1
launch_runs impl_1 -to_step write_bitstream -jobs 4
[Sat Jan  9 05:05:17 2021] Launched synth_1...
Run output will be captured here: C:/Users/Sciencethebird/Desktop/DLab_Final_Project_2/DLab_Final_Project.runs/synth_1/runme.log
[Sat Jan  9 05:05:17 2021] Launched impl_1...
Run output will be captured here: C:/Users/Sciencethebird/Desktop/DLab_Final_Project_2/DLab_Final_Project.runs/impl_1/runme.log
set_property PROBES.FILE {} [get_hw_devices xc7a35t_0]
set_property FULL_PROBES.FILE {} [get_hw_devices xc7a35t_0]
set_property PROGRAM.FILE {C:/Users/Sciencethebird/Desktop/DLab_Final_Project_2/DLab_Final_Project.runs/impl_1/lab10.bit} [get_hw_devices xc7a35t_0]
program_hw_devices [get_hw_devices xc7a35t_0]
INFO: [Labtools 27-3164] End of startup status: HIGH
refresh_hw_device [lindex [get_hw_devices xc7a35t_0] 0]
INFO: [Labtools 27-1434] Device xc7a35t (JTAG device index = 0) is programmed with a design that has no supported debug core(s) in it.
report_timing_summary -delay_type min_max -report_unconstrained -check_timing_verbose -max_paths 10 -input_pins -routable_nets -name timing_1
INFO: [Timing 38-91] UpdateTimingParams: Speed grade: -1L, Delay Type: min_max.
INFO: [Timing 38-191] Multithreading enabled for timing update using a maximum of 2 CPUs
refresh_design
Netlist sorting complete. Time (s): cpu = 00:00:00 ; elapsed = 00:00:00.029 . Memory (MB): peak = 3567.148 ; gain = 0.000
INFO: [Netlist 29-17] Analyzing 382 Unisim elements for replacement
INFO: [Netlist 29-28] Unisim Transformation completed in 0 CPU seconds
INFO: [Project 1-479] Netlist was created with Vivado 2020.1
INFO: [Project 1-570] Preparing netlist for logic optimization
INFO: [Timing 38-478] Restoring timing data from binary archive.
INFO: [Timing 38-479] Binary timing data restore complete.
INFO: [Project 1-856] Restoring constraints from binary archive.
INFO: [Project 1-853] Binary constraint restore complete.
Reading XDEF placement.
Reading placer database...
Reading XDEF routing.
Read XDEF File: Time (s): cpu = 00:00:00 ; elapsed = 00:00:00.354 . Memory (MB): peak = 3567.148 ; gain = 0.000
Restored from archive | CPU: 0.000000 secs | Memory: 0.000000 MB |
Finished XDEF File Restore: Time (s): cpu = 00:00:00 ; elapsed = 00:00:00.354 . Memory (MB): peak = 3567.148 ; gain = 0.000
refresh_design: Time (s): cpu = 00:00:08 ; elapsed = 00:00:06 . Memory (MB): peak = 3567.148 ; gain = 16.027
CRITICAL WARNING: [Timing 38-282] The design failed to meet the timing requirements. Please see the timing summary report for details on the timing violations.
exit
INFO: [Common 17-206] Exiting Vivado at Sat Jan  9 05:13:00 2021...
