#-----------------------------------------------------------
# Vivado v2020.1 (64-bit)
# SW Build 2902540 on Wed May 27 19:54:49 MDT 2020
# IP Build 2902112 on Wed May 27 22:43:36 MDT 2020
# Start of session at: Fri Jan  8 11:10:10 2021
# Process ID: 7184
# Current directory: C:/Users/Shlab_74/Desktop/DLab_Final_Project_2
# Command line: vivado.exe -gui_launcher_event rodinguilauncherevent3164 C:\Users\Shlab_74\Desktop\DLab_Final_Project_2\DLab_Final_Project.xpr
# Log file: C:/Users/Shlab_74/Desktop/DLab_Final_Project_2/vivado.log
# Journal file: C:/Users/Shlab_74/Desktop/DLab_Final_Project_2\vivado.jou
#-----------------------------------------------------------
start_gui
open_project C:/Users/Shlab_74/Desktop/DLab_Final_Project_2/DLab_Final_Project.xpr
INFO: [Project 1-313] Project file moved from 'C:/Users/Shlab57/Desktop/DLab_Final_Project' since last save.
Scanning sources...
Finished scanning sources
INFO: [IP_Flow 19-234] Refreshing IP repositories
INFO: [IP_Flow 19-1704] No user IP repositories specified
INFO: [IP_Flow 19-2313] Loaded Vivado IP repository 'C:/Xilinx/Vivado/2020.1/data/ip'.
update_compile_order -fileset sources_1
open_hw_manager
connect_hw_server -allow_non_jtag
INFO: [Labtools 27-2285] Connecting to hw_server url TCP:localhost:3121
INFO: [Labtools 27-2222] Launching hw_server...
INFO: [Labtools 27-2221] Launch Output:

****** Xilinx hw_server v2020.1
  **** Build date : May 27 2020 at 20:24:38
    ** Copyright 1986-2020 Xilinx, Inc. All Rights Reserved.


INFO: [Labtools 27-3415] Connecting to cs_server url TCP:localhost:3042
INFO: [Labtools 27-3417] Launching cs_server...
INFO: [Labtools 27-2221] Launch Output:


****** Xilinx cs_server v2020.1.0
  **** Build date : May 14 2020-09:10:29
    ** Copyright 2017-2020 Xilinx, Inc. All Rights Reserved.



connect_hw_server: Time (s): cpu = 00:00:01 ; elapsed = 00:00:10 . Memory (MB): peak = 1191.461 ; gain = 0.000
open_hw_target
INFO: [Labtoolstcl 44-466] Opening hw_target localhost:3121/xilinx_tcf/Digilent/210319A43767A
set_property PROGRAM.FILE {C:/Users/Shlab_74/Desktop/DLab_Final_Project_2/DLab_Final_Project.runs/impl_1/lab10.bit} [get_hw_devices xc7a35t_0]
current_hw_device [get_hw_devices xc7a35t_0]
refresh_hw_device -update_hw_probes false [lindex [get_hw_devices xc7a35t_0] 0]
INFO: [Labtools 27-1434] Device xc7a35t (JTAG device index = 0) is programmed with a design that has no supported debug core(s) in it.
set_property PROBES.FILE {} [get_hw_devices xc7a35t_0]
set_property FULL_PROBES.FILE {} [get_hw_devices xc7a35t_0]
set_property PROGRAM.FILE {C:/Users/Shlab_74/Desktop/DLab_Final_Project_2/DLab_Final_Project.runs/impl_1/lab10.bit} [get_hw_devices xc7a35t_0]
program_hw_devices [get_hw_devices xc7a35t_0]
INFO: [Labtools 27-3164] End of startup status: HIGH
refresh_hw_device [lindex [get_hw_devices xc7a35t_0] 0]
INFO: [Labtools 27-1434] Device xc7a35t (JTAG device index = 0) is programmed with a design that has no supported debug core(s) in it.
ERROR: [Labtoolstcl 44-513] HW Target shutdown. Closing target: localhost:3121/xilinx_tcf/Digilent/210319A43767A
close_hw_manager
reset_run synth_1
launch_runs impl_1 -to_step write_bitstream -jobs 6
[Fri Jan  8 11:41:29 2021] Launched synth_1...
Run output will be captured here: C:/Users/Shlab_74/Desktop/DLab_Final_Project_2/DLab_Final_Project.runs/synth_1/runme.log
[Fri Jan  8 11:41:29 2021] Launched impl_1...
Run output will be captured here: C:/Users/Shlab_74/Desktop/DLab_Final_Project_2/DLab_Final_Project.runs/impl_1/runme.log
close [ open C:/Users/Shlab_74/Desktop/DLab_Final_Project_2/DLab_Final_Project.srcs/sources_1/new/LCD.v w ]
add_files C:/Users/Shlab_74/Desktop/DLab_Final_Project_2/DLab_Final_Project.srcs/sources_1/new/LCD.v
update_compile_order -fileset sources_1
reset_run synth_1
update_compile_order -fileset sources_1
launch_runs impl_1 -to_step write_bitstream -jobs 6
[Fri Jan  8 11:46:36 2021] Launched synth_1...
Run output will be captured here: C:/Users/Shlab_74/Desktop/DLab_Final_Project_2/DLab_Final_Project.runs/synth_1/runme.log
[Fri Jan  8 11:46:36 2021] Launched impl_1...
Run output will be captured here: C:/Users/Shlab_74/Desktop/DLab_Final_Project_2/DLab_Final_Project.runs/impl_1/runme.log
open_hw_manager
connect_hw_server -allow_non_jtag
INFO: [Labtools 27-2285] Connecting to hw_server url TCP:localhost:3121
INFO: [Labtools 27-2222] Launching hw_server...
INFO: [Labtools 27-2221] Launch Output:

****** Xilinx hw_server v2020.1
  **** Build date : May 27 2020 at 20:24:38
    ** Copyright 1986-2020 Xilinx, Inc. All Rights Reserved.


INFO: [Labtools 27-3415] Connecting to cs_server url TCP:localhost:3042
INFO: [Labtools 27-3417] Launching cs_server...
INFO: [Labtools 27-2221] Launch Output:


****** Xilinx cs_server v2020.1.0
  **** Build date : May 14 2020-09:10:29
    ** Copyright 2017-2020 Xilinx, Inc. All Rights Reserved.



connect_hw_server: Time (s): cpu = 00:00:00 ; elapsed = 00:00:09 . Memory (MB): peak = 2226.992 ; gain = 0.000
open_hw_target
INFO: [Labtoolstcl 44-466] Opening hw_target localhost:3121/xilinx_tcf/Digilent/210319A438CBA
set_property PROGRAM.FILE {C:/Users/Shlab_74/Desktop/DLab_Final_Project_2/DLab_Final_Project.runs/impl_1/lab10.bit} [get_hw_devices xc7a35t_0]
current_hw_device [get_hw_devices xc7a35t_0]
refresh_hw_device -update_hw_probes false [lindex [get_hw_devices xc7a35t_0] 0]
INFO: [Labtools 27-1434] Device xc7a35t (JTAG device index = 0) is programmed with a design that has no supported debug core(s) in it.
set_property PROBES.FILE {} [get_hw_devices xc7a35t_0]
set_property FULL_PROBES.FILE {} [get_hw_devices xc7a35t_0]
set_property PROGRAM.FILE {C:/Users/Shlab_74/Desktop/DLab_Final_Project_2/DLab_Final_Project.runs/impl_1/lab10.bit} [get_hw_devices xc7a35t_0]
program_hw_devices [get_hw_devices xc7a35t_0]
INFO: [Labtools 27-3164] End of startup status: HIGH
refresh_hw_device [lindex [get_hw_devices xc7a35t_0] 0]
INFO: [Labtools 27-1434] Device xc7a35t (JTAG device index = 0) is programmed with a design that has no supported debug core(s) in it.
reset_run synth_1
launch_runs impl_1 -to_step write_bitstream -jobs 6
[Fri Jan  8 12:09:03 2021] Launched synth_1...
Run output will be captured here: C:/Users/Shlab_74/Desktop/DLab_Final_Project_2/DLab_Final_Project.runs/synth_1/runme.log
[Fri Jan  8 12:09:03 2021] Launched impl_1...
Run output will be captured here: C:/Users/Shlab_74/Desktop/DLab_Final_Project_2/DLab_Final_Project.runs/impl_1/runme.log
set_property PROBES.FILE {} [get_hw_devices xc7a35t_0]
set_property FULL_PROBES.FILE {} [get_hw_devices xc7a35t_0]
set_property PROGRAM.FILE {C:/Users/Shlab_74/Desktop/DLab_Final_Project_2/DLab_Final_Project.runs/impl_1/lab10.bit} [get_hw_devices xc7a35t_0]
program_hw_devices [get_hw_devices xc7a35t_0]
INFO: [Labtools 27-3164] End of startup status: HIGH
refresh_hw_device [lindex [get_hw_devices xc7a35t_0] 0]
INFO: [Labtools 27-1434] Device xc7a35t (JTAG device index = 0) is programmed with a design that has no supported debug core(s) in it.
reset_run synth_1
launch_runs impl_1 -to_step write_bitstream -jobs 6
[Fri Jan  8 12:15:25 2021] Launched synth_1...
Run output will be captured here: C:/Users/Shlab_74/Desktop/DLab_Final_Project_2/DLab_Final_Project.runs/synth_1/runme.log
[Fri Jan  8 12:15:25 2021] Launched impl_1...
Run output will be captured here: C:/Users/Shlab_74/Desktop/DLab_Final_Project_2/DLab_Final_Project.runs/impl_1/runme.log
set_property PROBES.FILE {} [get_hw_devices xc7a35t_0]
set_property FULL_PROBES.FILE {} [get_hw_devices xc7a35t_0]
set_property PROGRAM.FILE {C:/Users/Shlab_74/Desktop/DLab_Final_Project_2/DLab_Final_Project.runs/impl_1/lab10.bit} [get_hw_devices xc7a35t_0]
program_hw_devices [get_hw_devices xc7a35t_0]
INFO: [Labtools 27-3164] End of startup status: HIGH
refresh_hw_device [lindex [get_hw_devices xc7a35t_0] 0]
INFO: [Labtools 27-1434] Device xc7a35t (JTAG device index = 0) is programmed with a design that has no supported debug core(s) in it.
reset_run synth_1
launch_runs impl_1 -to_step write_bitstream -jobs 6
[Fri Jan  8 12:26:20 2021] Launched synth_1...
Run output will be captured here: C:/Users/Shlab_74/Desktop/DLab_Final_Project_2/DLab_Final_Project.runs/synth_1/runme.log
[Fri Jan  8 12:26:20 2021] Launched impl_1...
Run output will be captured here: C:/Users/Shlab_74/Desktop/DLab_Final_Project_2/DLab_Final_Project.runs/impl_1/runme.log
open_run impl_1
INFO: [Device 21-403] Loading part xc7a35ticsg324-1L
INFO: [Common 17-41] Interrupt caught. Command should exit soon.
Netlist sorting complete. Time (s): cpu = 00:00:00 ; elapsed = 00:00:00.017 . Memory (MB): peak = 2487.934 ; gain = 0.000
INFO: [Netlist 29-17] Analyzing 209 Unisim elements for replacement
INFO: [Netlist 29-28] Unisim Transformation completed in 0 CPU seconds
INFO: [Project 1-479] Netlist was created with Vivado 2020.1
open_run: Time (s): cpu = 00:00:08 ; elapsed = 00:00:08 . Memory (MB): peak = 2490.047 ; gain = 249.203
INFO: [Common 17-344] 'open_run' was cancelled
set_property PROBES.FILE {} [get_hw_devices xc7a35t_0]
set_property FULL_PROBES.FILE {} [get_hw_devices xc7a35t_0]
set_property PROGRAM.FILE {C:/Users/Shlab_74/Desktop/DLab_Final_Project_2/DLab_Final_Project.runs/impl_1/lab10.bit} [get_hw_devices xc7a35t_0]
program_hw_devices [get_hw_devices xc7a35t_0]
INFO: [Labtools 27-3164] End of startup status: HIGH
refresh_hw_device [lindex [get_hw_devices xc7a35t_0] 0]
INFO: [Labtools 27-1434] Device xc7a35t (JTAG device index = 0) is programmed with a design that has no supported debug core(s) in it.
open_run impl_1
Netlist sorting complete. Time (s): cpu = 00:00:00 ; elapsed = 00:00:00.018 . Memory (MB): peak = 2490.047 ; gain = 0.000
INFO: [Netlist 29-17] Analyzing 209 Unisim elements for replacement
INFO: [Netlist 29-28] Unisim Transformation completed in 0 CPU seconds
INFO: [Project 1-479] Netlist was created with Vivado 2020.1
INFO: [Project 1-570] Preparing netlist for logic optimization
INFO: [Timing 38-478] Restoring timing data from binary archive.
INFO: [Timing 38-479] Binary timing data restore complete.
INFO: [Project 1-856] Restoring constraints from binary archive.
INFO: [Project 1-853] Binary constraint restore complete.
Reading XDEF placement.
Reading placer database...
Reading XDEF routing.
Read XDEF File: Time (s): cpu = 00:00:00 ; elapsed = 00:00:00.194 . Memory (MB): peak = 3168.891 ; gain = 0.000
Restored from archive | CPU: 0.000000 secs | Memory: 0.000000 MB |
Finished XDEF File Restore: Time (s): cpu = 00:00:00 ; elapsed = 00:00:00.194 . Memory (MB): peak = 3168.891 ; gain = 0.000
Netlist sorting complete. Time (s): cpu = 00:00:00 ; elapsed = 00:00:00 . Memory (MB): peak = 3168.891 ; gain = 0.000
INFO: [Project 1-111] Unisim Transformation Summary:
No Unisim elements were transformed.

open_run: Time (s): cpu = 00:00:14 ; elapsed = 00:00:11 . Memory (MB): peak = 3284.043 ; gain = 793.996
report_utilization -name utilization_1
reset_run synth_1
launch_runs impl_1 -to_step write_bitstream -jobs 6
[Fri Jan  8 12:33:21 2021] Launched synth_1...
Run output will be captured here: C:/Users/Shlab_74/Desktop/DLab_Final_Project_2/DLab_Final_Project.runs/synth_1/runme.log
[Fri Jan  8 12:33:21 2021] Launched impl_1...
Run output will be captured here: C:/Users/Shlab_74/Desktop/DLab_Final_Project_2/DLab_Final_Project.runs/impl_1/runme.log
close_design
set_property PROBES.FILE {} [get_hw_devices xc7a35t_0]
set_property FULL_PROBES.FILE {} [get_hw_devices xc7a35t_0]
set_property PROGRAM.FILE {C:/Users/Shlab_74/Desktop/DLab_Final_Project_2/DLab_Final_Project.runs/impl_1/lab10.bit} [get_hw_devices xc7a35t_0]
program_hw_devices [get_hw_devices xc7a35t_0]
INFO: [Labtools 27-3164] End of startup status: HIGH
refresh_hw_device [lindex [get_hw_devices xc7a35t_0] 0]
INFO: [Labtools 27-1434] Device xc7a35t (JTAG device index = 0) is programmed with a design that has no supported debug core(s) in it.
reset_run synth_1
launch_runs impl_1 -to_step write_bitstream -jobs 6
[Fri Jan  8 12:43:07 2021] Launched synth_1...
Run output will be captured here: C:/Users/Shlab_74/Desktop/DLab_Final_Project_2/DLab_Final_Project.runs/synth_1/runme.log
[Fri Jan  8 12:43:07 2021] Launched impl_1...
Run output will be captured here: C:/Users/Shlab_74/Desktop/DLab_Final_Project_2/DLab_Final_Project.runs/impl_1/runme.log
open_run impl_1
Netlist sorting complete. Time (s): cpu = 00:00:00 ; elapsed = 00:00:00.018 . Memory (MB): peak = 3389.035 ; gain = 0.000
INFO: [Netlist 29-17] Analyzing 204 Unisim elements for replacement
INFO: [Netlist 29-28] Unisim Transformation completed in 0 CPU seconds
INFO: [Project 1-479] Netlist was created with Vivado 2020.1
INFO: [Project 1-570] Preparing netlist for logic optimization
INFO: [Timing 38-478] Restoring timing data from binary archive.
INFO: [Timing 38-479] Binary timing data restore complete.
INFO: [Project 1-856] Restoring constraints from binary archive.
INFO: [Project 1-853] Binary constraint restore complete.
Reading XDEF placement.
Reading placer database...
Reading XDEF routing.
Read XDEF File: Time (s): cpu = 00:00:00 ; elapsed = 00:00:00.189 . Memory (MB): peak = 3402.316 ; gain = 0.000
Restored from archive | CPU: 0.000000 secs | Memory: 0.000000 MB |
Finished XDEF File Restore: Time (s): cpu = 00:00:00 ; elapsed = 00:00:00.189 . Memory (MB): peak = 3402.316 ; gain = 0.000
Netlist sorting complete. Time (s): cpu = 00:00:00 ; elapsed = 00:00:00.001 . Memory (MB): peak = 3402.316 ; gain = 0.000
INFO: [Project 1-111] Unisim Transformation Summary:
No Unisim elements were transformed.

set_property PROBES.FILE {} [get_hw_devices xc7a35t_0]
set_property FULL_PROBES.FILE {} [get_hw_devices xc7a35t_0]
set_property PROGRAM.FILE {C:/Users/Shlab_74/Desktop/DLab_Final_Project_2/DLab_Final_Project.runs/impl_1/lab10.bit} [get_hw_devices xc7a35t_0]
program_hw_devices [get_hw_devices xc7a35t_0]
INFO: [Labtools 27-3164] End of startup status: HIGH
refresh_hw_device [lindex [get_hw_devices xc7a35t_0] 0]
INFO: [Labtools 27-1434] Device xc7a35t (JTAG device index = 0) is programmed with a design that has no supported debug core(s) in it.
reset_run synth_1
launch_runs impl_1 -to_step write_bitstream -jobs 6
[Fri Jan  8 12:54:35 2021] Launched synth_1...
Run output will be captured here: C:/Users/Shlab_74/Desktop/DLab_Final_Project_2/DLab_Final_Project.runs/synth_1/runme.log
[Fri Jan  8 12:54:35 2021] Launched impl_1...
Run output will be captured here: C:/Users/Shlab_74/Desktop/DLab_Final_Project_2/DLab_Final_Project.runs/impl_1/runme.log
set_property PROBES.FILE {} [get_hw_devices xc7a35t_0]
set_property FULL_PROBES.FILE {} [get_hw_devices xc7a35t_0]
set_property PROGRAM.FILE {C:/Users/Shlab_74/Desktop/DLab_Final_Project_2/DLab_Final_Project.runs/impl_1/lab10.bit} [get_hw_devices xc7a35t_0]
program_hw_devices [get_hw_devices xc7a35t_0]
INFO: [Labtools 27-3164] End of startup status: HIGH
refresh_hw_device [lindex [get_hw_devices xc7a35t_0] 0]
INFO: [Labtools 27-1434] Device xc7a35t (JTAG device index = 0) is programmed with a design that has no supported debug core(s) in it.
reset_run synth_1
launch_runs impl_1 -to_step write_bitstream -jobs 6
[Fri Jan  8 12:58:49 2021] Launched synth_1...
Run output will be captured here: C:/Users/Shlab_74/Desktop/DLab_Final_Project_2/DLab_Final_Project.runs/synth_1/runme.log
[Fri Jan  8 12:58:49 2021] Launched impl_1...
Run output will be captured here: C:/Users/Shlab_74/Desktop/DLab_Final_Project_2/DLab_Final_Project.runs/impl_1/runme.log
set_property PROBES.FILE {} [get_hw_devices xc7a35t_0]
set_property FULL_PROBES.FILE {} [get_hw_devices xc7a35t_0]
set_property PROGRAM.FILE {C:/Users/Shlab_74/Desktop/DLab_Final_Project_2/DLab_Final_Project.runs/impl_1/lab10.bit} [get_hw_devices xc7a35t_0]
program_hw_devices [get_hw_devices xc7a35t_0]
INFO: [Labtools 27-3164] End of startup status: HIGH
refresh_hw_device [lindex [get_hw_devices xc7a35t_0] 0]
INFO: [Labtools 27-1434] Device xc7a35t (JTAG device index = 0) is programmed with a design that has no supported debug core(s) in it.
reset_run synth_1
launch_runs impl_1 -to_step write_bitstream -jobs 6
[Fri Jan  8 13:03:02 2021] Launched synth_1...
Run output will be captured here: C:/Users/Shlab_74/Desktop/DLab_Final_Project_2/DLab_Final_Project.runs/synth_1/runme.log
[Fri Jan  8 13:03:02 2021] Launched impl_1...
Run output will be captured here: C:/Users/Shlab_74/Desktop/DLab_Final_Project_2/DLab_Final_Project.runs/impl_1/runme.log
set_property PROBES.FILE {} [get_hw_devices xc7a35t_0]
set_property FULL_PROBES.FILE {} [get_hw_devices xc7a35t_0]
set_property PROGRAM.FILE {C:/Users/Shlab_74/Desktop/DLab_Final_Project_2/DLab_Final_Project.runs/impl_1/lab10.bit} [get_hw_devices xc7a35t_0]
program_hw_devices [get_hw_devices xc7a35t_0]
INFO: [Labtools 27-3164] End of startup status: HIGH
refresh_hw_device [lindex [get_hw_devices xc7a35t_0] 0]
INFO: [Labtools 27-1434] Device xc7a35t (JTAG device index = 0) is programmed with a design that has no supported debug core(s) in it.
exit
INFO: [Common 17-206] Exiting Vivado at Fri Jan  8 13:50:57 2021...
